GROUP,PACKAGE,CLASS,INSTRUCTION_MISSED,INSTRUCTION_COVERED,BRANCH_MISSED,BRANCH_COVERED,LINE_MISSED,LINE_COVERED,COMPLEXITY_MISSED,COMPLEXITY_COVERED,METHOD_MISSED,METHOD_COVERED
Sanity4J,com.github.sanity4j.report,PackageWriter.new Comparator() {...},26,0,0,0,4,0,2,0,2,0
Sanity4J,com.github.sanity4j.report,ExportWriter,563,0,36,0,131,0,22,0,4,0
Sanity4J,com.github.sanity4j.report,RuleCatalogueWriter.new Comparator() {...},24,0,2,0,5,0,3,0,2,0
Sanity4J,com.github.sanity4j.report,CrossProjectChartCreator,333,0,16,0,61,0,13,0,5,0
Sanity4J,com.github.sanity4j.report,ExtractStaticContent,349,0,30,0,78,0,21,0,6,0
Sanity4J,com.github.sanity4j.report,PackageWriter,1423,0,84,0,286,0,54,0,12,0
Sanity4J,com.github.sanity4j.report,RuleCatalogueWriter.DiagnosticProperty,33,0,0,0,14,0,7,0,7,0
Sanity4J,com.github.sanity4j.report,ReportWriter,395,0,24,0,81,0,16,0,4,0
Sanity4J,com.github.sanity4j.report,JavaSourceWriter.DiagnosticStartLineComparator,17,0,4,0,4,0,4,0,2,0
Sanity4J,com.github.sanity4j.report,JavaSourceWriter,464,0,42,0,96,0,26,0,5,0
Sanity4J,com.github.sanity4j.report,ChartFactory,12,202,4,8,3,40,5,5,1,3
Sanity4J,com.github.sanity4j.report,ReportUtil,71,223,0,19,13,46,2,18,2,7
Sanity4J,com.github.sanity4j.report,RuleCatalogueWriter,228,0,18,0,51,0,13,0,4,0
Sanity4J,com.github.sanity4j.report,CategoryWriter,320,0,24,0,70,0,16,0,4,0
Sanity4J,com.github.sanity4j.util.math,InfixExpression,79,218,11,29,14,47,11,18,2,4
Sanity4J,com.github.sanity4j.util.math,SyntaxException,9,0,0,0,4,0,2,0,2,0
Sanity4J,com.github.sanity4j.util.math,PostfixExpression,80,196,4,15,15,44,5,12,1,4
Sanity4J,com.github.sanity4j.gen.pmd_4_2_1,Violation,70,24,0,0,32,8,19,8,19,8
Sanity4J,com.github.sanity4j.gen.pmd_4_2_1,Suppressedviolation,38,0,0,0,16,0,11,0,11,0
Sanity4J,com.github.sanity4j.gen.pmd_4_2_1,ObjectFactory,23,0,0,0,7,0,6,0,6,0
Sanity4J,com.github.sanity4j.gen.pmd_4_2_1,Pmd,30,20,4,2,10,6,8,3,5,3
Sanity4J,com.github.sanity4j.gen.pmd_4_2_1,Error,17,0,0,0,7,0,5,0,5,0
Sanity4J,com.github.sanity4j.gen.pmd_4_2_1,File,9,12,1,1,3,4,2,3,1,3
Sanity4J,com.github.sanity4j.ui,QaConfigFrame.QaPropertyTableModel,170,0,18,0,40,0,19,0,9,0
Sanity4J,com.github.sanity4j.ui,QaConfigFrame.new ItemListener() {...},130,0,6,0,12,0,5,0,2,0
Sanity4J,com.github.sanity4j.ui,QaConfigFrame.new ItemListener() {...},196,0,6,0,20,0,5,0,2,0
Sanity4J,com.github.sanity4j.ui,QaConfigFrame.new WindowAdapter() {...},10,0,0,0,3,0,2,0,2,0
Sanity4J,com.github.sanity4j.ui,QaConfigFrame.new AbstractAction() {...},14,0,0,0,4,0,2,0,2,0
Sanity4J,com.github.sanity4j.ui,QaConfigFrame.new AbstractAction() {...},24,0,0,0,5,0,2,0,2,0
Sanity4J,com.github.sanity4j.ui,QaApp,1005,0,46,0,164,0,32,0,9,0
Sanity4J,com.github.sanity4j.ui,QaApp.new Thread() {...},98,0,4,0,17,0,4,0,2,0
Sanity4J,com.github.sanity4j.ui,QaApp.new WindowAdapter() {...},10,0,0,0,3,0,2,0,2,0
Sanity4J,com.github.sanity4j.ui,QaApp.new ActionListener() {...},10,0,0,0,3,0,2,0,2,0
Sanity4J,com.github.sanity4j.ui,QaConfigFrame,693,0,22,0,113,0,17,0,6,0
Sanity4J,com.github.sanity4j.ui,QaLoggerJTextAreaImpl,111,0,0,0,20,0,9,0,9,0
Sanity4J,com.github.sanity4j.ui,FileInput,88,0,6,0,24,0,9,0,6,0
Sanity4J,com.github.sanity4j.ui,FieldLabel,24,0,2,0,2,0,2,0,1,0
Sanity4J,com.github.sanity4j.maven.plugin,Coordinate,271,0,21,0,90,0,33,0,20,0
Sanity4J,com.github.sanity4j.maven.plugin,RunQAMojo,1420,0,120,0,275,0,113,0,53,0
Sanity4J,com.github.sanity4j.maven.plugin,RunQAMojo.new ArtifactFilter() {...},15,0,2,0,2,0,3,0,2,0
Sanity4J,com.github.sanity4j.gen.checkstyle_4_4,File,9,12,1,1,3,4,2,3,1,3
Sanity4J,com.github.sanity4j.gen.checkstyle_4_4,ObjectFactory,15,0,0,0,5,0,4,0,4,0
Sanity4J,com.github.sanity4j.gen.checkstyle_4_4,Checkstyle,9,12,1,1,3,4,2,3,1,3
Sanity4J,com.github.sanity4j.gen.checkstyle_4_4,Error,23,15,0,0,11,5,6,5,6,5
Sanity4J,com.github.sanity4j.model.coverage,ClassCoverage,23,79,2,8,4,20,3,12,2,8
Sanity4J,com.github.sanity4j.model.coverage,PackageCoverage,5,120,0,8,1,29,1,13,1,9
Sanity4J,com.github.sanity4j.model.coverage,AbstractCoverage,0,17,0,0,0,7,0,5,0,5
Sanity4J,com.github.sanity4j.model.coverage,Coverage,5,136,1,11,1,33,2,13,1,8
Sanity4J,com.github.sanity4j.model.summary,PackageSummary,0,73,0,0,0,31,0,21,0,21
Sanity4J,com.github.sanity4j.model.summary,SummaryCsvMarshaller,68,342,4,14,18,72,4,10,0,5
Sanity4J,com.github.sanity4j.workflow,QAConfig,1207,90,95,1,229,18,102,5,54,5
Sanity4J,com.github.sanity4j.workflow,LibraryFileCollector,75,0,4,0,19,0,8,0,6,0
Sanity4J,com.github.sanity4j.workflow,JavaVersionCheck,71,0,2,0,14,0,4,0,3,0
Sanity4J,com.github.sanity4j.workflow,SourceFileCollector,32,0,0,0,7,0,6,0,6,0
Sanity4J,com.github.sanity4j.workflow,ReportProducer,68,0,0,0,17,0,3,0,3,0
Sanity4J,com.github.sanity4j.workflow,QAProcessor.new WorkUnitGroup() {...},31,0,0,0,6,0,2,0,2,0
Sanity4J,com.github.sanity4j.workflow,QAProcessor.new WorkUnit() {...},21,0,0,0,7,0,3,0,3,0
Sanity4J,com.github.sanity4j.workflow,FileCopier,40,0,0,0,10,0,3,0,3,0
Sanity4J,com.github.sanity4j.workflow,SummariseRun,78,0,6,0,21,0,6,0,3,0
Sanity4J,com.github.sanity4j.workflow,ClassFileCollector,77,0,4,0,20,0,9,0,7,0
Sanity4J,com.github.sanity4j.workflow,WorkUnitGroup,41,0,2,0,14,0,7,0,6,0
Sanity4J,com.github.sanity4j.workflow,AbstractFileCollector,279,0,24,0,58,0,17,0,5,0
Sanity4J,com.github.sanity4j.workflow,QAProcessor,242,0,12,0,54,0,14,0,8,0
Sanity4J,com.github.sanity4j.gen.findbugs_1_3_9,BugCode,21,3,0,0,9,1,6,1,6,1
Sanity4J,com.github.sanity4j.gen.findbugs_1_3_9,ObjectFactory,294,0,0,0,55,0,42,0,42,0
Sanity4J,com.github.sanity4j.gen.findbugs_1_3_9,BugInstance,51,12,1,1,21,4,14,3,13,3
Sanity4J,com.github.sanity4j.gen.findbugs_1_3_9,Method,59,0,0,0,25,0,17,0,17,0
Sanity4J,com.github.sanity4j.gen.findbugs_1_3_9,BugPattern,42,3,0,0,18,1,12,1,12,1
Sanity4J,com.github.sanity4j.gen.findbugs_1_3_9,LastVersion,14,3,0,0,6,1,4,1,4,1
Sanity4J,com.github.sanity4j.gen.findbugs_1_3_9,Int,24,0,0,0,10,0,7,0,7,0
Sanity4J,com.github.sanity4j.gen.findbugs_1_3_9,Type,35,3,0,0,15,1,10,1,10,1
Sanity4J,com.github.sanity4j.gen.findbugs_1_3_9,History,0,3,0,0,0,1,0,1,0,1
Sanity4J,com.github.sanity4j.gen.findbugs_1_3_9,FileStats,28,3,0,0,12,1,8,1,8,1
Sanity4J,com.github.sanity4j.gen.findbugs_1_3_9,BugCollection,108,9,7,1,40,3,27,2,23,2
Sanity4J,com.github.sanity4j.gen.findbugs_1_3_9,ClassProfile,42,3,0,0,18,1,12,1,12,1
Sanity4J,com.github.sanity4j.gen.findbugs_1_3_9,SuppressionFilter,7,3,0,0,3,1,2,1,2,1
Sanity4J,com.github.sanity4j.gen.findbugs_1_3_9,FindBugsSummary,131,3,6,0,51,1,34,1,31,1
Sanity4J,com.github.sanity4j.gen.findbugs_1_3_9,Errors,36,3,4,0,12,1,8,1,6,1
Sanity4J,com.github.sanity4j.gen.findbugs_1_3_9,Property,17,0,0,0,7,0,5,0,5,0
Sanity4J,com.github.sanity4j.gen.findbugs_1_3_9,Clazz,26,12,0,0,12,4,7,4,7,4
Sanity4J,com.github.sanity4j.gen.findbugs_1_3_9,ClassFeatures,0,3,0,0,0,1,0,1,0,1
Sanity4J,com.github.sanity4j.gen.findbugs_1_3_9,Project,54,3,6,0,18,1,12,1,9,1
Sanity4J,com.github.sanity4j.gen.findbugs_1_3_9,LocalVariable,38,0,0,0,16,0,11,0,11,0
Sanity4J,com.github.sanity4j.gen.findbugs_1_3_9,SourceLine,75,12,0,0,33,4,21,4,21,4
Sanity4J,com.github.sanity4j.gen.findbugs_1_3_9,String,24,0,0,0,10,0,7,0,7,0
Sanity4J,com.github.sanity4j.gen.findbugs_1_3_9,FindBugsProfile,11,3,2,0,3,1,2,1,1,1
Sanity4J,com.github.sanity4j.gen.findbugs_1_3_9,ClassStats,49,3,0,0,21,1,14,1,14,1
Sanity4J,com.github.sanity4j.gen.findbugs_1_3_9,BugCategory,14,3,0,0,6,1,4,1,4,1
Sanity4J,com.github.sanity4j.gen.findbugs_1_3_9,PackageStats,53,3,2,0,21,1,14,1,13,1
Sanity4J,com.github.sanity4j.gen.findbugs_1_3_9,Field,56,3,0,0,24,1,16,1,16,1
Sanity4J,com.github.sanity4j.gen.findbugs_1_3_9,Error,36,0,6,0,10,0,7,0,4,0
Sanity4J,com.github.sanity4j.ant.taskdef,RunQA.Configuration,67,0,6,0,24,0,14,0,11,0
Sanity4J,com.github.sanity4j.ant.taskdef,RunQA,373,0,12,0,65,0,25,0,19,0
Sanity4J,com.github.sanity4j.gen.pmdcpd_4_2_1,PmdCpd,5,9,1,1,1,3,1,2,0,2
Sanity4J,com.github.sanity4j.gen.pmdcpd_4_2_1,File,8,9,0,0,4,3,2,3,2,3
Sanity4J,com.github.sanity4j.gen.pmdcpd_4_2_1,Duplication,20,15,1,1,8,5,5,4,4,4
Sanity4J,com.github.sanity4j.gen.pmdcpd_4_2_1,ObjectFactory,30,0,0,0,7,0,6,0,6,0
Sanity4J,com.github.sanity4j.workflow.tool,PmdCpd4ResultReader,18,216,1,3,6,41,4,5,3,4
Sanity4J,com.github.sanity4j.workflow.tool,JaCoCoMergeReader,18,0,0,0,8,0,6,0,6,0
Sanity4J,com.github.sanity4j.workflow.tool,PmdCpd5ResultReader,27,0,8,0,8,0,6,0,2,0
Sanity4J,com.github.sanity4j.workflow.tool,JaCoCoRunner,10,0,0,0,5,0,3,0,3,0
Sanity4J,com.github.sanity4j.workflow.tool,CheckStyleResultReader,31,126,4,8,8,33,5,7,2,4
Sanity4J,com.github.sanity4j.workflow.tool,PmdCpd4Runner,97,0,4,0,21,0,5,0,3,0
Sanity4J,com.github.sanity4j.workflow.tool,PmdCpdRunner,6,0,0,0,3,0,1,0,1,0
Sanity4J,com.github.sanity4j.workflow.tool,PmdResultReader,200,128,10,6,43,34,9,6,3,4
Sanity4J,com.github.sanity4j.workflow.tool,CoberturaMergeReader,18,0,0,0,8,0,6,0,6,0
Sanity4J,com.github.sanity4j.workflow.tool,PmdCpd5Runner,127,0,6,0,28,0,7,0,4,0
Sanity4J,com.github.sanity4j.workflow.tool,PmdCpdResultReader,0,6,0,0,0,3,0,1,0,1
Sanity4J,com.github.sanity4j.workflow.tool,AbstractToolRunner,354,0,16,0,67,0,19,0,11,0
Sanity4J,com.github.sanity4j.workflow.tool,JaCoCoResultReader.new IExecutionDataVisitor() {...},20,0,0,0,4,0,2,0,2,0
Sanity4J,com.github.sanity4j.workflow.tool,JaCoCoResultReader.new ISessionInfoVisitor() {...},4,0,0,0,2,0,2,0,2,0
Sanity4J,com.github.sanity4j.workflow.tool,CheckStyleRunner,112,0,8,0,24,0,7,0,3,0
Sanity4J,com.github.sanity4j.workflow.tool,JaCoCoResultReader,453,0,29,0,106,0,24,0,9,0
Sanity4J,com.github.sanity4j.workflow.tool,CoberturaReportRunner,113,0,6,0,24,0,7,0,4,0
Sanity4J,com.github.sanity4j.workflow.tool,Pmd4Runner,101,0,4,0,23,0,5,0,3,0
Sanity4J,com.github.sanity4j.workflow.tool,PmdRunner,6,0,0,0,3,0,1,0,1,0
Sanity4J,com.github.sanity4j.workflow.tool,Pmd5Runner,84,0,4,0,20,0,5,0,3,0
Sanity4J,com.github.sanity4j.workflow.tool,FindBugsRunner,297,0,18,0,67,0,16,0,7,0
Sanity4J,com.github.sanity4j.workflow.tool,CoberturaResultReader,38,175,3,13,9,41,5,11,2,6
Sanity4J,com.github.sanity4j.workflow.tool,ToolRunnerGroup,241,0,24,0,49,0,15,0,3,0
Sanity4J,com.github.sanity4j.workflow.tool,FindBugsResultReader,22,193,12,26,6,48,14,11,2,4
Sanity4J,com.github.sanity4j.workflow.tool,JaCoCoMergeRunner,9,0,0,0,5,0,4,0,4,0
Sanity4J,com.github.sanity4j.workflow.tool,CoberturaMergeRunner,98,0,6,0,23,0,7,0,4,0
Sanity4J,com.github.sanity4j.model.diagnostic,DiagnosticSet,1,457,11,53,1,103,11,39,0,18
Sanity4J,com.github.sanity4j.model.diagnostic,DiagnosticFactory,0,39,0,0,0,13,0,8,0,8
Sanity4J,com.github.sanity4j.model.diagnostic,DiagnosticCategory,0,217,0,22,0,51,0,24,0,13
Sanity4J,com.github.sanity4j.model.diagnostic,Diagnostic,78,306,16,22,15,87,11,46,1,32
Sanity4J,com.github.sanity4j.model.diagnostic,DiagnosticSet.ReadOnlyIterator,0,46,0,4,0,9,0,6,0,4
Sanity4J,com.github.sanity4j.gen.jacoco_0_7_9,MethodType,35,0,2,0,13,0,9,0,8,0
Sanity4J,com.github.sanity4j.gen.jacoco_0_7_9,PackageType,43,0,6,0,13,0,9,0,6,0
Sanity4J,com.github.sanity4j.gen.jacoco_0_7_9,LineType,45,0,0,0,19,0,13,0,13,0
Sanity4J,com.github.sanity4j.gen.jacoco_0_7_9,PackageType.Clazz,21,0,0,0,5,0,3,0,3,0
Sanity4J,com.github.sanity4j.gen.jacoco_0_7_9,ObjectFactory,55,0,0,0,13,0,12,0,12,0
Sanity4J,com.github.sanity4j.gen.jacoco_0_7_9,SourcefileType,32,0,4,0,10,0,7,0,5,0
Sanity4J,com.github.sanity4j.gen.jacoco_0_7_9,CounterType,31,0,0,0,13,0,9,0,9,0
Sanity4J,com.github.sanity4j.gen.jacoco_0_7_9,ReportType,39,0,4,0,13,0,9,0,7,0
Sanity4J,com.github.sanity4j.gen.jacoco_0_7_9,ClassType,32,0,4,0,10,0,7,0,5,0
Sanity4J,com.github.sanity4j.gen.jacoco_0_7_9,SessioninfoType,31,0,0,0,13,0,9,0,9,0
Sanity4J,com.github.sanity4j.gen.cobertura_1_9_2,Methods,11,3,2,0,3,1,2,1,1,1
Sanity4J,com.github.sanity4j.gen.cobertura_1_9_2,Lines,5,9,1,1,1,3,1,2,0,2
Sanity4J,com.github.sanity4j.gen.cobertura_1_9_2,Clazz,40,12,0,0,18,4,11,4,11,4
Sanity4J,com.github.sanity4j.gen.cobertura_1_9_2,Conditions,14,0,2,0,4,0,3,0,2,0
Sanity4J,com.github.sanity4j.gen.cobertura_1_9_2,Line,23,15,0,0,11,5,6,5,6,5
Sanity4J,com.github.sanity4j.gen.cobertura_1_9_2,ObjectFactory,62,0,0,0,15,0,14,0,14,0
Sanity4J,com.github.sanity4j.gen.cobertura_1_9_2,Packages,14,0,2,0,4,0,3,0,2,0
Sanity4J,com.github.sanity4j.gen.cobertura_1_9_2,Package,23,15,0,0,11,5,6,5,6,5
Sanity4J,com.github.sanity4j.gen.cobertura_1_9_2,Classes,5,9,1,1,1,3,1,2,0,2
Sanity4J,com.github.sanity4j.gen.cobertura_1_9_2,Method,35,3,0,0,15,1,10,1,10,1
Sanity4J,com.github.sanity4j.gen.cobertura_1_9_2,Coverage,80,0,0,0,34,0,23,0,23,0
Sanity4J,com.github.sanity4j.gen.cobertura_1_9_2,Condition,24,0,0,0,10,0,7,0,7,0
Sanity4J,com.github.sanity4j.util,Tool,44,98,8,0,9,14,9,3,5,3
Sanity4J,com.github.sanity4j.util,QaLoggerSystemOutImpl,35,22,0,0,11,10,4,5,4,5
Sanity4J,com.github.sanity4j.util,QAException,8,5,0,0,4,2,2,1,2,1
Sanity4J,com.github.sanity4j.util,ExternalProcessRunner,79,148,14,10,15,28,11,4,1,2
Sanity4J,com.github.sanity4j.util,QaUtil,916,147,120,10,185,47,74,9,10,8
Sanity4J,com.github.sanity4j.util,QaLogger,44,10,0,0,12,3,2,3,2,3
Sanity4J,com.github.sanity4j.util,FileUtil,245,111,34,20,48,23,25,11,4,5
Sanity4J,com.github.sanity4j.util,PipeInputThread,17,49,0,2,4,14,0,4,0,3
Sanity4J,com.github.sanity4j.util,JaxbMarshaller.new EntityResolver() {...},9,3,0,0,1,1,1,1,1,1
Sanity4J,com.github.sanity4j.util,ExtractStats,120,573,29,37,27,127,26,27,4,16
Sanity4J,com.github.sanity4j.util,JaxbMarshaller,88,178,3,9,14,36,4,5,1,2
Sanity4J,com.github.sanity4j.util,QaLoggerAntImpl,84,0,0,0,20,0,8,0,8,0
Sanity4J,com.github.sanity4j.util,QaLoggerMavenImpl,51,0,0,0,17,0,8,0,8,0
Sanity4J,com.github.sanity4j.util,StringUtil,3,48,0,10,2,12,1,7,1,2
Sanity4J,com.github.sanity4j.util,RegexpReplaceInputStream,51,277,12,24,11,54,12,13,1,6
